2021-05-14T06:14:50.031Z [C:\Users\Asus\Desktop\testengine_project\testengine_api\app.js] [34mdebug[39m::: Server started at1234
2021-05-14T06:14:51.247Z [C:\Users\Asus\Desktop\testengine_project\testengine_api\app.js] [34mdebug[39m::: Server started at1234
2021-05-14T06:17:32.854Z [C:\Users\Asus\Desktop\testengine_project\testengine_api\app.js] [34mdebug[39m::: Server started at1234
2021-05-14T06:19:12.613Z [C:\Users\Asus\Desktop\testengine_project\testengine_api\app.js] [34mdebug[39m::: Server started at1234
2021-05-14T06:19:16.589Z [C:\Users\Asus\Desktop\testengine_project\testengine_api\controllers\questionController.js] [34mdebug[39m::: Name for the question whose data is required"x"
2021-05-15T13:28:01.153Z [C:\Users\Asus\Desktop\testengine_project\testengine_api\app.js] [34mdebug[39m::: Server started at1234
2021-05-15T13:29:58.233Z [C:\Users\Asus\Desktop\testengine_project\testengine_api\controllers\questionController.js] [34mdebug[39m::: Name for the question whose data is required"x"
2021-05-15T13:31:45.183Z [C:\Users\Asus\Desktop\testengine_project\testengine_api\controllers\questionController.js] [34mdebug[39m::: Question added{"name":"react","answers":[{"name":"js"},{"name ":"native"}]}
2021-05-19T13:17:47.197Z [C:\Users\Asus\Desktop\testengine_project\testengine_api\app.js] [34mdebug[39m::: Server started at1234
2021-05-19T13:24:29.859Z [C:\Users\Asus\Desktop\testengine_project\testengine_api\app.js] [34mdebug[39m::: Server started at1234
2021-05-19T13:35:33.490Z [C:\Users\Asus\Desktop\testengine_project\testengine_api\app.js] [34mdebug[39m::: Server started at1234
2021-05-19T13:36:17.495Z [C:\Users\Asus\Desktop\testengine_project\testengine_api\controllers\questionController.js] [34mdebug[39m::: Question added{"name":"djnf","answers":[{"name":"js"},{"name ":"native"}]}
2021-05-19T13:37:10.706Z [C:\Users\Asus\Desktop\testengine_project\testengine_api\controllers\questionController.js] [34mdebug[39m::: Question added{"name":"xn","answers":[{"name":"mvn","rans":"N"},{"name":"mnvc","rans":"N"},{"name":" cv","rans":"N"},{"name":"vnc","rans":"N"}]}
2021-05-19T17:42:38.580Z [C:\Users\Asus\Desktop\testengine_project\testengine_api\controllers\questionController.js] [34mdebug[39m::: Question added{"name":"","answers":[{"name":"","rans":"Y"},{"name":"","rans":"Y"},{"name":"","rans":"Y"},{"name":"","rans":"Y"}]}
2021-05-19T17:42:38.753Z [C:\Users\Asus\Desktop\testengine_project\testengine_api\controllers\questionController.js] [31merror[39m::: Error during addition of question{"errors":{"name":{"name":"ValidatorError","message":"Path `name` is required.","properties":{"message":"Path `name` is required.","type":"required","path":"name","value":""},"kind":"required","path":"name","value":""}},"_message":"questions validation failed","name":"ValidationError","message":"questions validation failed: name: Path `name` is required."}
2021-05-19T21:02:04.506Z [C:\Users\Asus\Desktop\testengine_project\testengine_api\controllers\questionController.js] [34mdebug[39m::: Question added{"name":"diljot","answers":[{"rans":"F","score":"30"}]}
2021-05-19T21:06:34.359Z [C:\Users\Asus\Desktop\testengine_project\testengine_api\controllers\questionController.js] [34mdebug[39m::: Question added{"name":"test","answers":[{"rans":"F","score":"20"}],"type":"T/F"}
2021-05-19T21:10:28.039Z [C:\Users\Asus\Desktop\testengine_project\testengine_api\app.js] [34mdebug[39m::: Server started at1234
2021-05-19T21:10:54.554Z [C:\Users\Asus\Desktop\testengine_project\testengine_api\controllers\questionController.js] [34mdebug[39m::: Question added{"name":"diljotndfjnd","answers":[{"rans":"F","score":"32"}],"type":"T/F"}
2021-05-19T21:10:54.569Z [C:\Users\Asus\Desktop\testengine_project\testengine_api\controllers\questionController.js] [31merror[39m::: Error during addition of question{"errors":{"type":{"name":"ValidatorError","message":"Path `type` is required.","properties":{"message":"Path `type` is required.","type":"required","path":"type"},"kind":"required","path":"type"}},"_message":"questions validation failed","name":"ValidationError","message":"questions validation failed: type: Path `type` is required."}
2021-05-19T21:14:10.332Z [C:\Users\Asus\Desktop\testengine_project\testengine_api\app.js] [34mdebug[39m::: Server started at1234
2021-05-19T21:14:34.489Z [C:\Users\Asus\Desktop\testengine_project\testengine_api\controllers\questionController.js] [34mdebug[39m::: Question added{"name":"b","answers":[{"rans":"F","score":"32"}],"type":"T/F"}
2021-05-19T21:52:30.877Z [C:\Users\Asus\Desktop\testengine_project\testengine_api\app.js] [34mdebug[39m::: Server started at1234
2021-05-22T14:41:03.262Z [C:\Users\Asus\Desktop\testengine_project\testengine_api\app.js] [34mdebug[39m::: Server started at1234
2021-05-22T14:42:26.516Z [C:\Users\Asus\Desktop\testengine_project\testengine_api\app.js] [34mdebug[39m::: Server started at1234
2021-05-22T14:44:50.624Z [C:\Users\Asus\Desktop\testengine_project\testengine_api\app.js] [34mdebug[39m::: Server started at1234
2021-05-22T17:33:44.967Z [C:\Users\Asus\Desktop\testengine_project\testengine_api\app.js] [34mdebug[39m::: Server started at1234
2021-05-22T17:48:48.854Z [C:\Users\Asus\Desktop\testengine_project\testengine_api\app.js] [34mdebug[39m::: Server started at1234
2021-05-22T17:57:59.178Z [C:\Users\Asus\Desktop\testengine_project\testengine_api\app.js] [34mdebug[39m::: Server started at1234
2021-05-22T17:58:56.519Z [C:\Users\Asus\Desktop\testengine_project\testengine_api\app.js] [34mdebug[39m::: Server started at1234
2021-05-22T18:18:29.580Z [C:\Users\Asus\Desktop\testengine_project\testengine_api\app.js] [34mdebug[39m::: Server started at1234
2021-05-22T18:22:46.171Z [C:\Users\Asus\Desktop\testengine_project\testengine_api\app.js] [34mdebug[39m::: Server started at1234
2021-05-22T18:42:51.892Z [C:\Users\Asus\Desktop\testengine_project\testengine_api\app.js] [34mdebug[39m::: Server started at1234
2021-05-22T18:44:43.423Z [C:\Users\Asus\Desktop\testengine_project\testengine_api\app.js] [34mdebug[39m::: Server started at1234
2021-05-22T18:55:58.870Z [C:\Users\Asus\Desktop\testengine_project\testengine_api\app.js] [34mdebug[39m::: Server started at1234
2021-05-22T18:57:02.941Z [C:\Users\Asus\Desktop\testengine_project\testengine_api\app.js] [34mdebug[39m::: Server started at1234
2021-05-22T19:01:49.118Z [C:\Users\Asus\Desktop\testengine_project\testengine_api\app.js] [34mdebug[39m::: Server started at1234
2021-05-22T19:04:08.137Z [C:\Users\Asus\Desktop\testengine_project\testengine_api\app.js] [34mdebug[39m::: Server started at1234
2021-05-22T20:13:40.472Z [C:\Users\Asus\Desktop\testengine_project\testengine_api\app.js] [34mdebug[39m::: Server started at1234
2021-05-22T20:19:48.657Z [C:\Users\Asus\Desktop\testengine_project\testengine_api\app.js] [34mdebug[39m::: Server started at1234
2021-05-22T20:21:54.038Z [C:\Users\Asus\Desktop\testengine_project\testengine_api\app.js] [34mdebug[39m::: Server started at1234
2021-05-22T20:49:11.651Z [C:\Users\Asus\Desktop\testengine_project\testengine_api\app.js] [34mdebug[39m::: Server started at1234
2021-05-22T20:55:01.294Z [C:\Users\Asus\Desktop\testengine_project\testengine_api\app.js] [34mdebug[39m::: Server started at1234
2021-05-22T20:57:03.240Z [C:\Users\Asus\Desktop\testengine_project\testengine_api\app.js] [34mdebug[39m::: Server started at1234
2021-05-23T11:57:21.975Z [C:\Users\Asus\Desktop\testengine_project\testengine_api\app.js] [34mdebug[39m::: Server started at1234
2021-05-23T11:57:25.542Z [C:\Users\Asus\Desktop\testengine_project\testengine_api\app.js] [34mdebug[39m::: Server started at1234
2021-05-23T11:57:28.764Z [C:\Users\Asus\Desktop\testengine_project\testengine_api\app.js] [34mdebug[39m::: Server started at1234
2021-05-23T11:57:32.052Z [C:\Users\Asus\Desktop\testengine_project\testengine_api\app.js] [34mdebug[39m::: Server started at1234
2021-05-23T11:57:35.590Z [C:\Users\Asus\Desktop\testengine_project\testengine_api\app.js] [34mdebug[39m::: Server started at1234
2021-05-23T11:57:38.968Z [C:\Users\Asus\Desktop\testengine_project\testengine_api\app.js] [34mdebug[39m::: Server started at1234
2021-05-23T11:57:42.288Z [C:\Users\Asus\Desktop\testengine_project\testengine_api\app.js] [34mdebug[39m::: Server started at1234
2021-05-23T11:57:45.799Z [C:\Users\Asus\Desktop\testengine_project\testengine_api\app.js] [34mdebug[39m::: Server started at1234
2021-05-23T11:57:49.110Z [C:\Users\Asus\Desktop\testengine_project\testengine_api\app.js] [34mdebug[39m::: Server started at1234
2021-05-23T11:57:52.375Z [C:\Users\Asus\Desktop\testengine_project\testengine_api\app.js] [34mdebug[39m::: Server started at1234
2021-05-23T11:57:55.721Z [C:\Users\Asus\Desktop\testengine_project\testengine_api\app.js] [34mdebug[39m::: Server started at1234
2021-05-23T11:57:59.120Z [C:\Users\Asus\Desktop\testengine_project\testengine_api\app.js] [34mdebug[39m::: Server started at1234
2021-05-23T11:58:02.310Z [C:\Users\Asus\Desktop\testengine_project\testengine_api\app.js] [34mdebug[39m::: Server started at1234
2021-05-23T11:58:05.598Z [C:\Users\Asus\Desktop\testengine_project\testengine_api\app.js] [34mdebug[39m::: Server started at1234
2021-05-23T11:58:08.975Z [C:\Users\Asus\Desktop\testengine_project\testengine_api\app.js] [34mdebug[39m::: Server started at1234
2021-05-23T11:58:12.706Z [C:\Users\Asus\Desktop\testengine_project\testengine_api\app.js] [34mdebug[39m::: Server started at1234
2021-05-23T11:58:16.288Z [C:\Users\Asus\Desktop\testengine_project\testengine_api\app.js] [34mdebug[39m::: Server started at1234
2021-05-23T11:58:19.732Z [C:\Users\Asus\Desktop\testengine_project\testengine_api\app.js] [34mdebug[39m::: Server started at1234
2021-05-23T11:58:23.185Z [C:\Users\Asus\Desktop\testengine_project\testengine_api\app.js] [34mdebug[39m::: Server started at1234
2021-05-23T11:58:26.773Z [C:\Users\Asus\Desktop\testengine_project\testengine_api\app.js] [34mdebug[39m::: Server started at1234
2021-05-23T11:58:29.954Z [C:\Users\Asus\Desktop\testengine_project\testengine_api\app.js] [34mdebug[39m::: Server started at1234
2021-05-23T11:58:33.180Z [C:\Users\Asus\Desktop\testengine_project\testengine_api\app.js] [34mdebug[39m::: Server started at1234
2021-05-23T11:58:36.424Z [C:\Users\Asus\Desktop\testengine_project\testengine_api\app.js] [34mdebug[39m::: Server started at1234
2021-05-23T11:58:39.659Z [C:\Users\Asus\Desktop\testengine_project\testengine_api\app.js] [34mdebug[39m::: Server started at1234
2021-05-23T11:58:42.916Z [C:\Users\Asus\Desktop\testengine_project\testengine_api\app.js] [34mdebug[39m::: Server started at1234
2021-05-23T11:58:46.156Z [C:\Users\Asus\Desktop\testengine_project\testengine_api\app.js] [34mdebug[39m::: Server started at1234
2021-05-23T11:58:49.330Z [C:\Users\Asus\Desktop\testengine_project\testengine_api\app.js] [34mdebug[39m::: Server started at1234
2021-05-23T11:58:52.489Z [C:\Users\Asus\Desktop\testengine_project\testengine_api\app.js] [34mdebug[39m::: Server started at1234
2021-05-23T11:58:55.777Z [C:\Users\Asus\Desktop\testengine_project\testengine_api\app.js] [34mdebug[39m::: Server started at1234
2021-05-23T11:58:58.986Z [C:\Users\Asus\Desktop\testengine_project\testengine_api\app.js] [34mdebug[39m::: Server started at1234
2021-05-23T11:59:02.313Z [C:\Users\Asus\Desktop\testengine_project\testengine_api\app.js] [34mdebug[39m::: Server started at1234
2021-05-23T11:59:06.344Z [C:\Users\Asus\Desktop\testengine_project\testengine_api\app.js] [34mdebug[39m::: Server started at1234
2021-05-23T11:59:10.008Z [C:\Users\Asus\Desktop\testengine_project\testengine_api\app.js] [34mdebug[39m::: Server started at1234
2021-05-23T11:59:13.747Z [C:\Users\Asus\Desktop\testengine_project\testengine_api\app.js] [34mdebug[39m::: Server started at1234
2021-05-23T11:59:17.042Z [C:\Users\Asus\Desktop\testengine_project\testengine_api\app.js] [34mdebug[39m::: Server started at1234
2021-05-23T11:59:20.298Z [C:\Users\Asus\Desktop\testengine_project\testengine_api\app.js] [34mdebug[39m::: Server started at1234
2021-05-23T11:59:23.651Z [C:\Users\Asus\Desktop\testengine_project\testengine_api\app.js] [34mdebug[39m::: Server started at1234
2021-05-23T11:59:26.952Z [C:\Users\Asus\Desktop\testengine_project\testengine_api\app.js] [34mdebug[39m::: Server started at1234
2021-05-23T11:59:30.364Z [C:\Users\Asus\Desktop\testengine_project\testengine_api\app.js] [34mdebug[39m::: Server started at1234
2021-05-23T11:59:33.523Z [C:\Users\Asus\Desktop\testengine_project\testengine_api\app.js] [34mdebug[39m::: Server started at1234
2021-05-23T11:59:36.811Z [C:\Users\Asus\Desktop\testengine_project\testengine_api\app.js] [34mdebug[39m::: Server started at1234
2021-05-23T11:59:39.978Z [C:\Users\Asus\Desktop\testengine_project\testengine_api\app.js] [34mdebug[39m::: Server started at1234
2021-05-23T11:59:43.392Z [C:\Users\Asus\Desktop\testengine_project\testengine_api\app.js] [34mdebug[39m::: Server started at1234
2021-05-23T11:59:46.731Z [C:\Users\Asus\Desktop\testengine_project\testengine_api\app.js] [34mdebug[39m::: Server started at1234
2021-05-23T11:59:49.941Z [C:\Users\Asus\Desktop\testengine_project\testengine_api\app.js] [34mdebug[39m::: Server started at1234
2021-05-23T11:59:53.202Z [C:\Users\Asus\Desktop\testengine_project\testengine_api\app.js] [34mdebug[39m::: Server started at1234
2021-05-23T11:59:56.729Z [C:\Users\Asus\Desktop\testengine_project\testengine_api\app.js] [34mdebug[39m::: Server started at1234
2021-05-23T11:59:59.925Z [C:\Users\Asus\Desktop\testengine_project\testengine_api\app.js] [34mdebug[39m::: Server started at1234
2021-05-23T12:00:03.123Z [C:\Users\Asus\Desktop\testengine_project\testengine_api\app.js] [34mdebug[39m::: Server started at1234
2021-05-23T12:00:06.714Z [C:\Users\Asus\Desktop\testengine_project\testengine_api\app.js] [34mdebug[39m::: Server started at1234
2021-05-23T12:00:09.857Z [C:\Users\Asus\Desktop\testengine_project\testengine_api\app.js] [34mdebug[39m::: Server started at1234
2021-05-23T12:00:13.098Z [C:\Users\Asus\Desktop\testengine_project\testengine_api\app.js] [34mdebug[39m::: Server started at1234
2021-05-23T12:00:16.961Z [C:\Users\Asus\Desktop\testengine_project\testengine_api\app.js] [34mdebug[39m::: Server started at1234
2021-05-23T12:00:20.145Z [C:\Users\Asus\Desktop\testengine_project\testengine_api\app.js] [34mdebug[39m::: Server started at1234
2021-05-23T12:00:23.727Z [C:\Users\Asus\Desktop\testengine_project\testengine_api\app.js] [34mdebug[39m::: Server started at1234
2021-05-23T12:00:27.285Z [C:\Users\Asus\Desktop\testengine_project\testengine_api\app.js] [34mdebug[39m::: Server started at1234
2021-05-23T12:00:30.494Z [C:\Users\Asus\Desktop\testengine_project\testengine_api\app.js] [34mdebug[39m::: Server started at1234
2021-05-23T12:00:33.749Z [C:\Users\Asus\Desktop\testengine_project\testengine_api\app.js] [34mdebug[39m::: Server started at1234
2021-05-23T12:00:37.081Z [C:\Users\Asus\Desktop\testengine_project\testengine_api\app.js] [34mdebug[39m::: Server started at1234
2021-05-23T12:00:40.748Z [C:\Users\Asus\Desktop\testengine_project\testengine_api\app.js] [34mdebug[39m::: Server started at1234
2021-05-23T12:00:44.074Z [C:\Users\Asus\Desktop\testengine_project\testengine_api\app.js] [34mdebug[39m::: Server started at1234
2021-05-23T12:00:47.409Z [C:\Users\Asus\Desktop\testengine_project\testengine_api\app.js] [34mdebug[39m::: Server started at1234
2021-05-23T12:00:50.903Z [C:\Users\Asus\Desktop\testengine_project\testengine_api\app.js] [34mdebug[39m::: Server started at1234
2021-05-23T12:00:54.193Z [C:\Users\Asus\Desktop\testengine_project\testengine_api\app.js] [34mdebug[39m::: Server started at1234
2021-05-23T12:00:57.633Z [C:\Users\Asus\Desktop\testengine_project\testengine_api\app.js] [34mdebug[39m::: Server started at1234
2021-05-23T12:01:01.166Z [C:\Users\Asus\Desktop\testengine_project\testengine_api\app.js] [34mdebug[39m::: Server started at1234
2021-05-23T12:01:04.539Z [C:\Users\Asus\Desktop\testengine_project\testengine_api\app.js] [34mdebug[39m::: Server started at1234
2021-05-23T12:01:07.902Z [C:\Users\Asus\Desktop\testengine_project\testengine_api\app.js] [34mdebug[39m::: Server started at1234
2021-05-23T12:01:11.137Z [C:\Users\Asus\Desktop\testengine_project\testengine_api\app.js] [34mdebug[39m::: Server started at1234
2021-05-23T12:01:14.487Z [C:\Users\Asus\Desktop\testengine_project\testengine_api\app.js] [34mdebug[39m::: Server started at1234
2021-05-23T12:01:17.820Z [C:\Users\Asus\Desktop\testengine_project\testengine_api\app.js] [34mdebug[39m::: Server started at1234
2021-05-23T12:01:21.233Z [C:\Users\Asus\Desktop\testengine_project\testengine_api\app.js] [34mdebug[39m::: Server started at1234
2021-05-23T12:01:24.607Z [C:\Users\Asus\Desktop\testengine_project\testengine_api\app.js] [34mdebug[39m::: Server started at1234
2021-05-23T12:01:27.903Z [C:\Users\Asus\Desktop\testengine_project\testengine_api\app.js] [34mdebug[39m::: Server started at1234
2021-05-23T12:01:31.130Z [C:\Users\Asus\Desktop\testengine_project\testengine_api\app.js] [34mdebug[39m::: Server started at1234
2021-05-23T12:01:34.660Z [C:\Users\Asus\Desktop\testengine_project\testengine_api\app.js] [34mdebug[39m::: Server started at1234
2021-05-23T12:01:38.072Z [C:\Users\Asus\Desktop\testengine_project\testengine_api\app.js] [34mdebug[39m::: Server started at1234
2021-05-23T12:01:41.620Z [C:\Users\Asus\Desktop\testengine_project\testengine_api\app.js] [34mdebug[39m::: Server started at1234
2021-05-23T12:01:44.820Z [C:\Users\Asus\Desktop\testengine_project\testengine_api\app.js] [34mdebug[39m::: Server started at1234
2021-05-23T12:01:48.578Z [C:\Users\Asus\Desktop\testengine_project\testengine_api\app.js] [34mdebug[39m::: Server started at1234
2021-05-23T12:01:51.921Z [C:\Users\Asus\Desktop\testengine_project\testengine_api\app.js] [34mdebug[39m::: Server started at1234
2021-05-23T12:01:55.449Z [C:\Users\Asus\Desktop\testengine_project\testengine_api\app.js] [34mdebug[39m::: Server started at1234
2021-05-23T12:01:58.934Z [C:\Users\Asus\Desktop\testengine_project\testengine_api\app.js] [34mdebug[39m::: Server started at1234
2021-05-23T12:02:02.172Z [C:\Users\Asus\Desktop\testengine_project\testengine_api\app.js] [34mdebug[39m::: Server started at1234
2021-05-23T12:02:05.696Z [C:\Users\Asus\Desktop\testengine_project\testengine_api\app.js] [34mdebug[39m::: Server started at1234
2021-05-23T12:02:08.840Z [C:\Users\Asus\Desktop\testengine_project\testengine_api\app.js] [34mdebug[39m::: Server started at1234
2021-05-23T12:02:12.021Z [C:\Users\Asus\Desktop\testengine_project\testengine_api\app.js] [34mdebug[39m::: Server started at1234
2021-05-23T12:02:15.260Z [C:\Users\Asus\Desktop\testengine_project\testengine_api\app.js] [34mdebug[39m::: Server started at1234
2021-05-23T12:02:18.472Z [C:\Users\Asus\Desktop\testengine_project\testengine_api\app.js] [34mdebug[39m::: Server started at1234
2021-05-23T12:02:21.577Z [C:\Users\Asus\Desktop\testengine_project\testengine_api\app.js] [34mdebug[39m::: Server started at1234
2021-05-23T12:02:24.733Z [C:\Users\Asus\Desktop\testengine_project\testengine_api\app.js] [34mdebug[39m::: Server started at1234
2021-05-23T12:02:27.933Z [C:\Users\Asus\Desktop\testengine_project\testengine_api\app.js] [34mdebug[39m::: Server started at1234
2021-05-23T12:02:31.286Z [C:\Users\Asus\Desktop\testengine_project\testengine_api\app.js] [34mdebug[39m::: Server started at1234
2021-05-23T12:02:34.548Z [C:\Users\Asus\Desktop\testengine_project\testengine_api\app.js] [34mdebug[39m::: Server started at1234
2021-05-23T12:02:37.813Z [C:\Users\Asus\Desktop\testengine_project\testengine_api\app.js] [34mdebug[39m::: Server started at1234
2021-05-23T12:02:41.123Z [C:\Users\Asus\Desktop\testengine_project\testengine_api\app.js] [34mdebug[39m::: Server started at1234
2021-05-23T12:02:44.303Z [C:\Users\Asus\Desktop\testengine_project\testengine_api\app.js] [34mdebug[39m::: Server started at1234
2021-05-23T12:02:47.456Z [C:\Users\Asus\Desktop\testengine_project\testengine_api\app.js] [34mdebug[39m::: Server started at1234
2021-05-23T12:02:50.624Z [C:\Users\Asus\Desktop\testengine_project\testengine_api\app.js] [34mdebug[39m::: Server started at1234
2021-05-23T12:02:53.787Z [C:\Users\Asus\Desktop\testengine_project\testengine_api\app.js] [34mdebug[39m::: Server started at1234
2021-05-23T12:02:57.213Z [C:\Users\Asus\Desktop\testengine_project\testengine_api\app.js] [34mdebug[39m::: Server started at1234
2021-05-23T12:03:00.475Z [C:\Users\Asus\Desktop\testengine_project\testengine_api\app.js] [34mdebug[39m::: Server started at1234
2021-05-23T12:03:03.848Z [C:\Users\Asus\Desktop\testengine_project\testengine_api\app.js] [34mdebug[39m::: Server started at1234
2021-05-23T12:03:07.628Z [C:\Users\Asus\Desktop\testengine_project\testengine_api\app.js] [34mdebug[39m::: Server started at1234
2021-05-23T12:03:10.822Z [C:\Users\Asus\Desktop\testengine_project\testengine_api\app.js] [34mdebug[39m::: Server started at1234
2021-05-23T12:03:14.048Z [C:\Users\Asus\Desktop\testengine_project\testengine_api\app.js] [34mdebug[39m::: Server started at1234
2021-05-23T12:03:17.349Z [C:\Users\Asus\Desktop\testengine_project\testengine_api\app.js] [34mdebug[39m::: Server started at1234
2021-05-23T12:03:20.566Z [C:\Users\Asus\Desktop\testengine_project\testengine_api\app.js] [34mdebug[39m::: Server started at1234
2021-05-23T12:03:23.836Z [C:\Users\Asus\Desktop\testengine_project\testengine_api\app.js] [34mdebug[39m::: Server started at1234
2021-05-23T12:03:27.013Z [C:\Users\Asus\Desktop\testengine_project\testengine_api\app.js] [34mdebug[39m::: Server started at1234
2021-05-23T12:03:30.214Z [C:\Users\Asus\Desktop\testengine_project\testengine_api\app.js] [34mdebug[39m::: Server started at1234
2021-05-23T12:03:34.940Z [C:\Users\Asus\Desktop\testengine_project\testengine_api\app.js] [34mdebug[39m::: Server started at1234
2021-05-23T12:03:38.623Z [C:\Users\Asus\Desktop\testengine_project\testengine_api\app.js] [34mdebug[39m::: Server started at1234
2021-05-23T12:03:42.934Z [C:\Users\Asus\Desktop\testengine_project\testengine_api\app.js] [34mdebug[39m::: Server started at1234
2021-05-23T12:03:48.262Z [C:\Users\Asus\Desktop\testengine_project\testengine_api\app.js] [34mdebug[39m::: Server started at1234
2021-05-23T12:03:54.690Z [C:\Users\Asus\Desktop\testengine_project\testengine_api\app.js] [34mdebug[39m::: Server started at1234
2021-05-23T12:03:57.733Z [C:\Users\Asus\Desktop\testengine_project\testengine_api\app.js] [34mdebug[39m::: Server started at1234
2021-05-23T12:04:01.007Z [C:\Users\Asus\Desktop\testengine_project\testengine_api\app.js] [34mdebug[39m::: Server started at1234
2021-05-23T12:04:04.529Z [C:\Users\Asus\Desktop\testengine_project\testengine_api\app.js] [34mdebug[39m::: Server started at1234
2021-05-23T12:04:08.009Z [C:\Users\Asus\Desktop\testengine_project\testengine_api\app.js] [34mdebug[39m::: Server started at1234
2021-05-23T12:04:11.861Z [C:\Users\Asus\Desktop\testengine_project\testengine_api\app.js] [34mdebug[39m::: Server started at1234
2021-05-23T12:04:15.114Z [C:\Users\Asus\Desktop\testengine_project\testengine_api\app.js] [34mdebug[39m::: Server started at1234
2021-05-23T12:04:18.357Z [C:\Users\Asus\Desktop\testengine_project\testengine_api\app.js] [34mdebug[39m::: Server started at1234
2021-05-23T12:04:22.301Z [C:\Users\Asus\Desktop\testengine_project\testengine_api\app.js] [34mdebug[39m::: Server started at1234
2021-05-23T12:04:25.593Z [C:\Users\Asus\Desktop\testengine_project\testengine_api\app.js] [34mdebug[39m::: Server started at1234
2021-05-23T12:04:28.700Z [C:\Users\Asus\Desktop\testengine_project\testengine_api\app.js] [34mdebug[39m::: Server started at1234
2021-05-23T12:04:31.846Z [C:\Users\Asus\Desktop\testengine_project\testengine_api\app.js] [34mdebug[39m::: Server started at1234
2021-05-23T12:04:35.143Z [C:\Users\Asus\Desktop\testengine_project\testengine_api\app.js] [34mdebug[39m::: Server started at1234
2021-05-23T12:04:38.196Z [C:\Users\Asus\Desktop\testengine_project\testengine_api\app.js] [34mdebug[39m::: Server started at1234
2021-05-23T12:04:42.052Z [C:\Users\Asus\Desktop\testengine_project\testengine_api\app.js] [34mdebug[39m::: Server started at1234
2021-05-23T12:04:45.287Z [C:\Users\Asus\Desktop\testengine_project\testengine_api\app.js] [34mdebug[39m::: Server started at1234
2021-05-23T12:04:48.406Z [C:\Users\Asus\Desktop\testengine_project\testengine_api\app.js] [34mdebug[39m::: Server started at1234
2021-05-23T12:04:52.666Z [C:\Users\Asus\Desktop\testengine_project\testengine_api\app.js] [34mdebug[39m::: Server started at1234
2021-05-23T12:04:56.525Z [C:\Users\Asus\Desktop\testengine_project\testengine_api\app.js] [34mdebug[39m::: Server started at1234
2021-05-23T12:04:59.989Z [C:\Users\Asus\Desktop\testengine_project\testengine_api\app.js] [34mdebug[39m::: Server started at1234
2021-05-23T12:05:03.926Z [C:\Users\Asus\Desktop\testengine_project\testengine_api\app.js] [34mdebug[39m::: Server started at1234
2021-05-23T12:05:07.661Z [C:\Users\Asus\Desktop\testengine_project\testengine_api\app.js] [34mdebug[39m::: Server started at1234
2021-05-23T12:05:11.607Z [C:\Users\Asus\Desktop\testengine_project\testengine_api\app.js] [34mdebug[39m::: Server started at1234
2021-05-23T12:05:15.340Z [C:\Users\Asus\Desktop\testengine_project\testengine_api\app.js] [34mdebug[39m::: Server started at1234
2021-05-23T12:05:18.966Z [C:\Users\Asus\Desktop\testengine_project\testengine_api\app.js] [34mdebug[39m::: Server started at1234
2021-05-23T12:05:22.083Z [C:\Users\Asus\Desktop\testengine_project\testengine_api\app.js] [34mdebug[39m::: Server started at1234
2021-05-23T12:05:25.299Z [C:\Users\Asus\Desktop\testengine_project\testengine_api\app.js] [34mdebug[39m::: Server started at1234
2021-05-23T12:05:28.499Z [C:\Users\Asus\Desktop\testengine_project\testengine_api\app.js] [34mdebug[39m::: Server started at1234
2021-05-23T12:05:31.906Z [C:\Users\Asus\Desktop\testengine_project\testengine_api\app.js] [34mdebug[39m::: Server started at1234
2021-05-23T12:05:35.006Z [C:\Users\Asus\Desktop\testengine_project\testengine_api\app.js] [34mdebug[39m::: Server started at1234
2021-05-23T12:05:38.079Z [C:\Users\Asus\Desktop\testengine_project\testengine_api\app.js] [34mdebug[39m::: Server started at1234
2021-05-23T12:05:41.342Z [C:\Users\Asus\Desktop\testengine_project\testengine_api\app.js] [34mdebug[39m::: Server started at1234
2021-05-23T12:05:44.440Z [C:\Users\Asus\Desktop\testengine_project\testengine_api\app.js] [34mdebug[39m::: Server started at1234
2021-05-23T12:05:48.549Z [C:\Users\Asus\Desktop\testengine_project\testengine_api\app.js] [34mdebug[39m::: Server started at1234
2021-05-23T12:05:51.657Z [C:\Users\Asus\Desktop\testengine_project\testengine_api\app.js] [34mdebug[39m::: Server started at1234
2021-05-23T12:05:54.768Z [C:\Users\Asus\Desktop\testengine_project\testengine_api\app.js] [34mdebug[39m::: Server started at1234
2021-05-23T12:05:57.854Z [C:\Users\Asus\Desktop\testengine_project\testengine_api\app.js] [34mdebug[39m::: Server started at1234
2021-05-23T12:06:00.923Z [C:\Users\Asus\Desktop\testengine_project\testengine_api\app.js] [34mdebug[39m::: Server started at1234
2021-05-23T12:06:04.020Z [C:\Users\Asus\Desktop\testengine_project\testengine_api\app.js] [34mdebug[39m::: Server started at1234
2021-05-23T12:06:07.266Z [C:\Users\Asus\Desktop\testengine_project\testengine_api\app.js] [34mdebug[39m::: Server started at1234
2021-05-23T12:06:10.582Z [C:\Users\Asus\Desktop\testengine_project\testengine_api\app.js] [34mdebug[39m::: Server started at1234
2021-05-23T12:06:13.814Z [C:\Users\Asus\Desktop\testengine_project\testengine_api\app.js] [34mdebug[39m::: Server started at1234
2021-05-23T12:06:17.112Z [C:\Users\Asus\Desktop\testengine_project\testengine_api\app.js] [34mdebug[39m::: Server started at1234
2021-05-23T12:06:20.124Z [C:\Users\Asus\Desktop\testengine_project\testengine_api\app.js] [34mdebug[39m::: Server started at1234
2021-05-23T12:06:23.387Z [C:\Users\Asus\Desktop\testengine_project\testengine_api\app.js] [34mdebug[39m::: Server started at1234
2021-05-23T12:06:26.522Z [C:\Users\Asus\Desktop\testengine_project\testengine_api\app.js] [34mdebug[39m::: Server started at1234
2021-05-23T12:06:29.647Z [C:\Users\Asus\Desktop\testengine_project\testengine_api\app.js] [34mdebug[39m::: Server started at1234
2021-05-23T12:06:32.933Z [C:\Users\Asus\Desktop\testengine_project\testengine_api\app.js] [34mdebug[39m::: Server started at1234
2021-05-23T12:06:36.586Z [C:\Users\Asus\Desktop\testengine_project\testengine_api\app.js] [34mdebug[39m::: Server started at1234
2021-05-23T12:06:40.073Z [C:\Users\Asus\Desktop\testengine_project\testengine_api\app.js] [34mdebug[39m::: Server started at1234
2021-05-23T12:06:43.503Z [C:\Users\Asus\Desktop\testengine_project\testengine_api\app.js] [34mdebug[39m::: Server started at1234
2021-05-23T12:06:46.561Z [C:\Users\Asus\Desktop\testengine_project\testengine_api\app.js] [34mdebug[39m::: Server started at1234
2021-05-23T12:06:49.942Z [C:\Users\Asus\Desktop\testengine_project\testengine_api\app.js] [34mdebug[39m::: Server started at1234
2021-05-23T12:06:53.759Z [C:\Users\Asus\Desktop\testengine_project\testengine_api\app.js] [34mdebug[39m::: Server started at1234
2021-05-23T12:06:57.027Z [C:\Users\Asus\Desktop\testengine_project\testengine_api\app.js] [34mdebug[39m::: Server started at1234
2021-05-23T12:07:00.372Z [C:\Users\Asus\Desktop\testengine_project\testengine_api\app.js] [34mdebug[39m::: Server started at1234
2021-05-23T12:07:04.562Z [C:\Users\Asus\Desktop\testengine_project\testengine_api\app.js] [34mdebug[39m::: Server started at1234
2021-05-23T12:07:22.766Z [C:\Users\Asus\Desktop\testengine_project\testengine_api\app.js] [34mdebug[39m::: Server started at1234
2021-05-23T12:07:26.140Z [C:\Users\Asus\Desktop\testengine_project\testengine_api\app.js] [34mdebug[39m::: Server started at1234
2021-05-23T12:07:28.236Z [C:\Users\Asus\Desktop\testengine_project\testengine_api\app.js] [34mdebug[39m::: Server started at1234
2021-05-23T12:07:29.614Z [C:\Users\Asus\Desktop\testengine_project\testengine_api\app.js] [34mdebug[39m::: Server started at1234
2021-05-23T12:07:31.369Z [C:\Users\Asus\Desktop\testengine_project\testengine_api\app.js] [34mdebug[39m::: Server started at1234
2021-05-23T12:07:32.703Z [C:\Users\Asus\Desktop\testengine_project\testengine_api\app.js] [34mdebug[39m::: Server started at1234
2021-05-23T12:07:34.625Z [C:\Users\Asus\Desktop\testengine_project\testengine_api\app.js] [34mdebug[39m::: Server started at1234
2021-05-23T12:07:36.007Z [C:\Users\Asus\Desktop\testengine_project\testengine_api\app.js] [34mdebug[39m::: Server started at1234
2021-05-23T12:07:37.326Z [C:\Users\Asus\Desktop\testengine_project\testengine_api\app.js] [34mdebug[39m::: Server started at1234
2021-05-23T12:07:38.790Z [C:\Users\Asus\Desktop\testengine_project\testengine_api\app.js] [34mdebug[39m::: Server started at1234
2021-05-23T12:07:40.735Z [C:\Users\Asus\Desktop\testengine_project\testengine_api\app.js] [34mdebug[39m::: Server started at1234
2021-05-23T12:07:42.015Z [C:\Users\Asus\Desktop\testengine_project\testengine_api\app.js] [34mdebug[39m::: Server started at1234
2021-05-23T12:07:43.831Z [C:\Users\Asus\Desktop\testengine_project\testengine_api\app.js] [34mdebug[39m::: Server started at1234
2021-05-23T12:07:45.521Z [C:\Users\Asus\Desktop\testengine_project\testengine_api\app.js] [34mdebug[39m::: Server started at1234
2021-05-23T12:07:47.169Z [C:\Users\Asus\Desktop\testengine_project\testengine_api\app.js] [34mdebug[39m::: Server started at1234
2021-05-23T12:07:48.556Z [C:\Users\Asus\Desktop\testengine_project\testengine_api\app.js] [34mdebug[39m::: Server started at1234
2021-05-23T12:07:49.834Z [C:\Users\Asus\Desktop\testengine_project\testengine_api\app.js] [34mdebug[39m::: Server started at1234
2021-05-23T12:07:51.211Z [C:\Users\Asus\Desktop\testengine_project\testengine_api\app.js] [34mdebug[39m::: Server started at1234
2021-05-23T12:07:52.647Z [C:\Users\Asus\Desktop\testengine_project\testengine_api\app.js] [34mdebug[39m::: Server started at1234
2021-05-23T12:07:54.079Z [C:\Users\Asus\Desktop\testengine_project\testengine_api\app.js] [34mdebug[39m::: Server started at1234
2021-05-23T12:07:59.776Z [C:\Users\Asus\Desktop\testengine_project\testengine_api\app.js] [34mdebug[39m::: Server started at1234
2021-05-23T12:08:01.153Z [C:\Users\Asus\Desktop\testengine_project\testengine_api\app.js] [34mdebug[39m::: Server started at1234
2021-05-23T12:08:02.345Z [C:\Users\Asus\Desktop\testengine_project\testengine_api\app.js] [34mdebug[39m::: Server started at1234
2021-05-23T12:08:03.714Z [C:\Users\Asus\Desktop\testengine_project\testengine_api\app.js] [34mdebug[39m::: Server started at1234
2021-05-23T12:08:05.278Z [C:\Users\Asus\Desktop\testengine_project\testengine_api\app.js] [34mdebug[39m::: Server started at1234
2021-05-23T12:08:07.215Z [C:\Users\Asus\Desktop\testengine_project\testengine_api\app.js] [34mdebug[39m::: Server started at1234
2021-05-23T12:08:08.476Z [C:\Users\Asus\Desktop\testengine_project\testengine_api\app.js] [34mdebug[39m::: Server started at1234
2021-05-23T12:08:09.870Z [C:\Users\Asus\Desktop\testengine_project\testengine_api\app.js] [34mdebug[39m::: Server started at1234
2021-05-23T12:08:11.509Z [C:\Users\Asus\Desktop\testengine_project\testengine_api\app.js] [34mdebug[39m::: Server started at1234
2021-05-23T12:08:12.943Z [C:\Users\Asus\Desktop\testengine_project\testengine_api\app.js] [34mdebug[39m::: Server started at1234
2021-05-23T12:08:14.224Z [C:\Users\Asus\Desktop\testengine_project\testengine_api\app.js] [34mdebug[39m::: Server started at1234
2021-05-23T12:08:15.573Z [C:\Users\Asus\Desktop\testengine_project\testengine_api\app.js] [34mdebug[39m::: Server started at1234
2021-05-23T12:08:16.909Z [C:\Users\Asus\Desktop\testengine_project\testengine_api\app.js] [34mdebug[39m::: Server started at1234
2021-05-23T12:08:18.310Z [C:\Users\Asus\Desktop\testengine_project\testengine_api\app.js] [34mdebug[39m::: Server started at1234
2021-05-23T12:08:19.706Z [C:\Users\Asus\Desktop\testengine_project\testengine_api\app.js] [34mdebug[39m::: Server started at1234
2021-05-23T12:08:21.228Z [C:\Users\Asus\Desktop\testengine_project\testengine_api\app.js] [34mdebug[39m::: Server started at1234
2021-05-23T12:08:22.435Z [C:\Users\Asus\Desktop\testengine_project\testengine_api\app.js] [34mdebug[39m::: Server started at1234
2021-05-23T12:08:23.659Z [C:\Users\Asus\Desktop\testengine_project\testengine_api\app.js] [34mdebug[39m::: Server started at1234
2021-05-23T12:08:24.946Z [C:\Users\Asus\Desktop\testengine_project\testengine_api\app.js] [34mdebug[39m::: Server started at1234
2021-05-23T12:08:26.197Z [C:\Users\Asus\Desktop\testengine_project\testengine_api\app.js] [34mdebug[39m::: Server started at1234
2021-05-23T12:08:27.615Z [C:\Users\Asus\Desktop\testengine_project\testengine_api\app.js] [34mdebug[39m::: Server started at1234
2021-05-23T12:08:28.830Z [C:\Users\Asus\Desktop\testengine_project\testengine_api\app.js] [34mdebug[39m::: Server started at1234
2021-05-23T12:08:30.149Z [C:\Users\Asus\Desktop\testengine_project\testengine_api\app.js] [34mdebug[39m::: Server started at1234
2021-05-23T12:08:31.871Z [C:\Users\Asus\Desktop\testengine_project\testengine_api\app.js] [34mdebug[39m::: Server started at1234
2021-05-23T12:08:33.248Z [C:\Users\Asus\Desktop\testengine_project\testengine_api\app.js] [34mdebug[39m::: Server started at1234
2021-05-23T12:08:34.473Z [C:\Users\Asus\Desktop\testengine_project\testengine_api\app.js] [34mdebug[39m::: Server started at1234
2021-05-23T12:08:35.839Z [C:\Users\Asus\Desktop\testengine_project\testengine_api\app.js] [34mdebug[39m::: Server started at1234
2021-05-23T12:08:37.366Z [C:\Users\Asus\Desktop\testengine_project\testengine_api\app.js] [34mdebug[39m::: Server started at1234
2021-05-23T12:08:38.733Z [C:\Users\Asus\Desktop\testengine_project\testengine_api\app.js] [34mdebug[39m::: Server started at1234
2021-05-23T12:08:40.034Z [C:\Users\Asus\Desktop\testengine_project\testengine_api\app.js] [34mdebug[39m::: Server started at1234
2021-05-23T12:08:41.350Z [C:\Users\Asus\Desktop\testengine_project\testengine_api\app.js] [34mdebug[39m::: Server started at1234
2021-05-23T12:08:43.165Z [C:\Users\Asus\Desktop\testengine_project\testengine_api\app.js] [34mdebug[39m::: Server started at1234
2021-05-23T12:08:44.637Z [C:\Users\Asus\Desktop\testengine_project\testengine_api\app.js] [34mdebug[39m::: Server started at1234
2021-05-23T12:08:45.954Z [C:\Users\Asus\Desktop\testengine_project\testengine_api\app.js] [34mdebug[39m::: Server started at1234
2021-05-23T12:08:47.227Z [C:\Users\Asus\Desktop\testengine_project\testengine_api\app.js] [34mdebug[39m::: Server started at1234
2021-05-23T12:08:48.629Z [C:\Users\Asus\Desktop\testengine_project\testengine_api\app.js] [34mdebug[39m::: Server started at1234
2021-05-23T12:08:49.847Z [C:\Users\Asus\Desktop\testengine_project\testengine_api\app.js] [34mdebug[39m::: Server started at1234
2021-05-23T12:08:51.252Z [C:\Users\Asus\Desktop\testengine_project\testengine_api\app.js] [34mdebug[39m::: Server started at1234
2021-05-23T12:08:52.469Z [C:\Users\Asus\Desktop\testengine_project\testengine_api\app.js] [34mdebug[39m::: Server started at1234
2021-05-23T12:08:53.657Z [C:\Users\Asus\Desktop\testengine_project\testengine_api\app.js] [34mdebug[39m::: Server started at1234
2021-05-23T12:08:55.066Z [C:\Users\Asus\Desktop\testengine_project\testengine_api\app.js] [34mdebug[39m::: Server started at1234
2021-05-23T12:08:56.333Z [C:\Users\Asus\Desktop\testengine_project\testengine_api\app.js] [34mdebug[39m::: Server started at1234
2021-05-23T12:08:57.640Z [C:\Users\Asus\Desktop\testengine_project\testengine_api\app.js] [34mdebug[39m::: Server started at1234
2021-05-23T12:08:59.096Z [C:\Users\Asus\Desktop\testengine_project\testengine_api\app.js] [34mdebug[39m::: Server started at1234
2021-05-23T12:09:01.028Z [C:\Users\Asus\Desktop\testengine_project\testengine_api\app.js] [34mdebug[39m::: Server started at1234
2021-05-23T12:09:03.128Z [C:\Users\Asus\Desktop\testengine_project\testengine_api\app.js] [34mdebug[39m::: Server started at1234
2021-05-23T12:09:04.906Z [C:\Users\Asus\Desktop\testengine_project\testengine_api\app.js] [34mdebug[39m::: Server started at1234
2021-05-23T12:09:06.596Z [C:\Users\Asus\Desktop\testengine_project\testengine_api\app.js] [34mdebug[39m::: Server started at1234
2021-05-23T12:09:09.627Z [C:\Users\Asus\Desktop\testengine_project\testengine_api\app.js] [34mdebug[39m::: Server started at1234
2021-05-23T12:09:11.537Z [C:\Users\Asus\Desktop\testengine_project\testengine_api\app.js] [34mdebug[39m::: Server started at1234
2021-05-23T12:09:13.578Z [C:\Users\Asus\Desktop\testengine_project\testengine_api\app.js] [34mdebug[39m::: Server started at1234
2021-05-23T12:09:15.721Z [C:\Users\Asus\Desktop\testengine_project\testengine_api\app.js] [34mdebug[39m::: Server started at1234
2021-05-23T12:09:17.705Z [C:\Users\Asus\Desktop\testengine_project\testengine_api\app.js] [34mdebug[39m::: Server started at1234
2021-05-23T12:09:19.590Z [C:\Users\Asus\Desktop\testengine_project\testengine_api\app.js] [34mdebug[39m::: Server started at1234
2021-05-23T12:09:21.511Z [C:\Users\Asus\Desktop\testengine_project\testengine_api\app.js] [34mdebug[39m::: Server started at1234
2021-05-23T12:09:23.120Z [C:\Users\Asus\Desktop\testengine_project\testengine_api\app.js] [34mdebug[39m::: Server started at1234
2021-05-23T12:09:24.602Z [C:\Users\Asus\Desktop\testengine_project\testengine_api\app.js] [34mdebug[39m::: Server started at1234
2021-05-23T12:09:26.080Z [C:\Users\Asus\Desktop\testengine_project\testengine_api\app.js] [34mdebug[39m::: Server started at1234
2021-05-23T12:09:27.443Z [C:\Users\Asus\Desktop\testengine_project\testengine_api\app.js] [34mdebug[39m::: Server started at1234
2021-05-23T12:09:28.845Z [C:\Users\Asus\Desktop\testengine_project\testengine_api\app.js] [34mdebug[39m::: Server started at1234
2021-05-23T12:09:30.444Z [C:\Users\Asus\Desktop\testengine_project\testengine_api\app.js] [34mdebug[39m::: Server started at1234
2021-05-23T12:09:31.805Z [C:\Users\Asus\Desktop\testengine_project\testengine_api\app.js] [34mdebug[39m::: Server started at1234
2021-05-23T12:09:33.263Z [C:\Users\Asus\Desktop\testengine_project\testengine_api\app.js] [34mdebug[39m::: Server started at1234
2021-05-23T12:09:35.008Z [C:\Users\Asus\Desktop\testengine_project\testengine_api\app.js] [34mdebug[39m::: Server started at1234
2021-05-23T12:09:36.235Z [C:\Users\Asus\Desktop\testengine_project\testengine_api\app.js] [34mdebug[39m::: Server started at1234
2021-05-23T12:09:37.509Z [C:\Users\Asus\Desktop\testengine_project\testengine_api\app.js] [34mdebug[39m::: Server started at1234
2021-05-23T12:09:38.857Z [C:\Users\Asus\Desktop\testengine_project\testengine_api\app.js] [34mdebug[39m::: Server started at1234
2021-05-23T12:09:40.319Z [C:\Users\Asus\Desktop\testengine_project\testengine_api\app.js] [34mdebug[39m::: Server started at1234
2021-05-23T12:09:41.576Z [C:\Users\Asus\Desktop\testengine_project\testengine_api\app.js] [34mdebug[39m::: Server started at1234
2021-05-23T12:09:42.859Z [C:\Users\Asus\Desktop\testengine_project\testengine_api\app.js] [34mdebug[39m::: Server started at1234
2021-05-23T12:09:44.130Z [C:\Users\Asus\Desktop\testengine_project\testengine_api\app.js] [34mdebug[39m::: Server started at1234
2021-05-23T12:09:45.555Z [C:\Users\Asus\Desktop\testengine_project\testengine_api\app.js] [34mdebug[39m::: Server started at1234
2021-05-23T12:09:46.821Z [C:\Users\Asus\Desktop\testengine_project\testengine_api\app.js] [34mdebug[39m::: Server started at1234
2021-05-23T12:09:48.062Z [C:\Users\Asus\Desktop\testengine_project\testengine_api\app.js] [34mdebug[39m::: Server started at1234
2021-05-23T12:09:49.337Z [C:\Users\Asus\Desktop\testengine_project\testengine_api\app.js] [34mdebug[39m::: Server started at1234
2021-05-23T12:09:50.601Z [C:\Users\Asus\Desktop\testengine_project\testengine_api\app.js] [34mdebug[39m::: Server started at1234
2021-05-23T12:09:51.936Z [C:\Users\Asus\Desktop\testengine_project\testengine_api\app.js] [34mdebug[39m::: Server started at1234
2021-05-23T12:09:53.157Z [C:\Users\Asus\Desktop\testengine_project\testengine_api\app.js] [34mdebug[39m::: Server started at1234
2021-05-23T12:09:54.378Z [C:\Users\Asus\Desktop\testengine_project\testengine_api\app.js] [34mdebug[39m::: Server started at1234
2021-05-23T12:09:55.582Z [C:\Users\Asus\Desktop\testengine_project\testengine_api\app.js] [34mdebug[39m::: Server started at1234
2021-05-23T12:09:57.233Z [C:\Users\Asus\Desktop\testengine_project\testengine_api\app.js] [34mdebug[39m::: Server started at1234
2021-05-23T12:09:58.727Z [C:\Users\Asus\Desktop\testengine_project\testengine_api\app.js] [34mdebug[39m::: Server started at1234
2021-05-23T12:10:00.256Z [C:\Users\Asus\Desktop\testengine_project\testengine_api\app.js] [34mdebug[39m::: Server started at1234
2021-05-23T12:10:01.617Z [C:\Users\Asus\Desktop\testengine_project\testengine_api\app.js] [34mdebug[39m::: Server started at1234
2021-05-23T12:10:03.017Z [C:\Users\Asus\Desktop\testengine_project\testengine_api\app.js] [34mdebug[39m::: Server started at1234
2021-05-23T12:10:04.291Z [C:\Users\Asus\Desktop\testengine_project\testengine_api\app.js] [34mdebug[39m::: Server started at1234
2021-05-23T12:10:05.802Z [C:\Users\Asus\Desktop\testengine_project\testengine_api\app.js] [34mdebug[39m::: Server started at1234
2021-05-23T12:10:07.066Z [C:\Users\Asus\Desktop\testengine_project\testengine_api\app.js] [34mdebug[39m::: Server started at1234
2021-05-23T12:10:08.654Z [C:\Users\Asus\Desktop\testengine_project\testengine_api\app.js] [34mdebug[39m::: Server started at1234
2021-05-23T12:10:10.304Z [C:\Users\Asus\Desktop\testengine_project\testengine_api\app.js] [34mdebug[39m::: Server started at1234
2021-05-23T12:10:11.757Z [C:\Users\Asus\Desktop\testengine_project\testengine_api\app.js] [34mdebug[39m::: Server started at1234
2021-05-23T12:10:13.133Z [C:\Users\Asus\Desktop\testengine_project\testengine_api\app.js] [34mdebug[39m::: Server started at1234
2021-05-23T12:10:14.550Z [C:\Users\Asus\Desktop\testengine_project\testengine_api\app.js] [34mdebug[39m::: Server started at1234
2021-05-23T12:10:15.916Z [C:\Users\Asus\Desktop\testengine_project\testengine_api\app.js] [34mdebug[39m::: Server started at1234
2021-05-23T12:10:17.167Z [C:\Users\Asus\Desktop\testengine_project\testengine_api\app.js] [34mdebug[39m::: Server started at1234
2021-05-23T12:10:18.491Z [C:\Users\Asus\Desktop\testengine_project\testengine_api\app.js] [34mdebug[39m::: Server started at1234
2021-05-23T12:10:19.774Z [C:\Users\Asus\Desktop\testengine_project\testengine_api\app.js] [34mdebug[39m::: Server started at1234
2021-05-23T12:10:21.221Z [C:\Users\Asus\Desktop\testengine_project\testengine_api\app.js] [34mdebug[39m::: Server started at1234
2021-05-23T12:10:22.733Z [C:\Users\Asus\Desktop\testengine_project\testengine_api\app.js] [34mdebug[39m::: Server started at1234
2021-05-23T12:10:24.412Z [C:\Users\Asus\Desktop\testengine_project\testengine_api\app.js] [34mdebug[39m::: Server started at1234
2021-05-23T12:10:26.072Z [C:\Users\Asus\Desktop\testengine_project\testengine_api\app.js] [34mdebug[39m::: Server started at1234
2021-05-23T12:10:28.051Z [C:\Users\Asus\Desktop\testengine_project\testengine_api\app.js] [34mdebug[39m::: Server started at1234
2021-05-23T12:10:29.991Z [C:\Users\Asus\Desktop\testengine_project\testengine_api\app.js] [34mdebug[39m::: Server started at1234
2021-05-23T12:10:43.139Z [C:\Users\Asus\Desktop\testengine_project\testengine_api\app.js] [34mdebug[39m::: Server started at1234
2021-05-23T12:11:10.902Z [C:\Users\Asus\Desktop\testengine_project\testengine_api\app.js] [34mdebug[39m::: Server started at1234
2021-05-23T12:13:59.303Z [C:\Users\Asus\Desktop\testengine_project\testengine_api\app.js] [34mdebug[39m::: Server started at1234
2021-05-23T12:15:21.083Z [C:\Users\Asus\Desktop\testengine_project\testengine_api\app.js] [34mdebug[39m::: Server started at1234
2021-05-23T12:16:29.920Z [C:\Users\Asus\Desktop\testengine_project\testengine_api\app.js] [34mdebug[39m::: Server started at1234
2021-05-23T12:21:30.595Z [C:\Users\Asus\Desktop\testengine_project\testengine_api\app.js] [34mdebug[39m::: Server started at1234
2021-05-23T12:21:48.405Z [C:\Users\Asus\Desktop\testengine_project\testengine_api\app.js] [34mdebug[39m::: Server started at1234
2021-05-23T12:24:58.409Z [C:\Users\Asus\Desktop\testengine_project\testengine_api\app.js] [34mdebug[39m::: Server started at1234
2021-05-23T12:37:32.985Z [C:\Users\Asus\Desktop\testengine_project\testengine_api\app.js] [34mdebug[39m::: Server started at1234
2021-05-24T07:14:28.001Z [C:\Users\Asus\Desktop\testengine_project\testengine_api\app.js] [34mdebug[39m::: Server started at1234
2021-05-24T07:14:53.238Z [C:\Users\Asus\Desktop\testengine_project\testengine_api\app.js] [34mdebug[39m::: Server started at1234
2021-05-24T07:19:27.476Z [C:\Users\Asus\Desktop\testengine_project\testengine_api\app.js] [34mdebug[39m::: Server started at1234
2021-05-24T07:23:28.171Z [C:\Users\Asus\Desktop\testengine_project\testengine_api\app.js] [34mdebug[39m::: Server started at1234
2021-05-24T07:28:49.949Z [C:\Users\Asus\Desktop\testengine_project\testengine_api\app.js] [34mdebug[39m::: Server started at1234
2021-05-24T07:30:38.895Z [C:\Users\Asus\Desktop\testengine_project\testengine_api\app.js] [34mdebug[39m::: Server started at1234
2021-05-24T07:32:19.804Z [C:\Users\Asus\Desktop\testengine_project\testengine_api\app.js] [34mdebug[39m::: Server started at1234
2021-05-24T07:33:10.929Z [C:\Users\Asus\Desktop\testengine_project\testengine_api\app.js] [34mdebug[39m::: Server started at1234
2021-05-24T07:36:23.737Z [C:\Users\Asus\Desktop\testengine_project\testengine_api\app.js] [34mdebug[39m::: Server started at1234
2021-05-24T07:40:27.187Z [C:\Users\Asus\Desktop\testengine_project\testengine_api\app.js] [34mdebug[39m::: Server started at1234
2021-05-24T07:42:03.457Z [C:\Users\Asus\Desktop\testengine_project\testengine_api\app.js] [34mdebug[39m::: Server started at1234
2021-05-24T07:43:23.920Z [C:\Users\Asus\Desktop\testengine_project\testengine_api\app.js] [34mdebug[39m::: Server started at1234
2021-05-24T07:47:23.527Z [C:\Users\Asus\Desktop\testengine_project\testengine_api\app.js] [34mdebug[39m::: Server started at1234
2021-05-24T08:02:07.836Z [C:\Users\Asus\Desktop\testengine_project\testengine_api\app.js] [34mdebug[39m::: Server started at1234
2021-05-24T08:04:04.071Z [C:\Users\Asus\Desktop\testengine_project\testengine_api\app.js] [34mdebug[39m::: Server started at1234
2021-05-24T08:05:21.384Z [C:\Users\Asus\Desktop\testengine_project\testengine_api\app.js] [34mdebug[39m::: Server started at1234
2021-05-24T08:06:24.545Z [C:\Users\Asus\Desktop\testengine_project\testengine_api\app.js] [34mdebug[39m::: Server started at1234
2021-05-24T08:14:00.094Z [C:\Users\Asus\Desktop\testengine_project\testengine_api\app.js] [34mdebug[39m::: Server started at1234
2021-05-24T08:14:28.227Z [C:\Users\Asus\Desktop\testengine_project\testengine_api\app.js] [34mdebug[39m::: Server started at1234
2021-05-24T08:15:35.853Z [C:\Users\Asus\Desktop\testengine_project\testengine_api\app.js] [34mdebug[39m::: Server started at1234
2021-05-24T08:17:30.146Z [C:\Users\Asus\Desktop\testengine_project\testengine_api\app.js] [34mdebug[39m::: Server started at1234
2021-05-24T08:29:00.127Z [C:\Users\Asus\Desktop\testengine_project\testengine_api\app.js] [34mdebug[39m::: Server started at1234
2021-05-24T08:34:40.311Z [C:\Users\Asus\Desktop\testengine_project\testengine_api\app.js] [34mdebug[39m::: Server started at1234
2021-05-24T09:53:16.875Z [C:\Users\Asus\Desktop\testengine_project\testengine_api\app.js] [34mdebug[39m::: Server started at1234
2021-05-24T09:53:24.479Z [C:\Users\Asus\Desktop\testengine_project\testengine_api\controllers\questionController.js] [34mdebug[39m::: Question added{}
2021-05-24T09:53:24.515Z [C:\Users\Asus\Desktop\testengine_project\testengine_api\controllers\questionController.js] [31merror[39m::: Error during addition of question{"errors":{"name":{"name":"ValidatorError","message":"Path `name` is required.","properties":{"message":"Path `name` is required.","type":"required","path":"name"},"kind":"required","path":"name"},"type":{"name":"ValidatorError","message":"Path `type` is required.","properties":{"message":"Path `type` is required.","type":"required","path":"type"},"kind":"required","path":"type"}},"_message":"questions validation failed","name":"ValidationError","message":"questions validation failed: name: Path `name` is required., type: Path `type` is required."}
2021-05-24T09:55:04.342Z [C:\Users\Asus\Desktop\testengine_project\testengine_api\controllers\questionController.js] [34mdebug[39m::: Question added{"name":"y","answers":[]}
2021-05-24T09:55:04.351Z [C:\Users\Asus\Desktop\testengine_project\testengine_api\controllers\questionController.js] [31merror[39m::: Error during addition of question{"errors":{"type":{"name":"ValidatorError","message":"Path `type` is required.","properties":{"message":"Path `type` is required.","type":"required","path":"type"},"kind":"required","path":"type"}},"_message":"questions validation failed","name":"ValidationError","message":"questions validation failed: type: Path `type` is required."}
2021-05-24T09:55:11.293Z [C:\Users\Asus\Desktop\testengine_project\testengine_api\controllers\questionController.js] [34mdebug[39m::: Question added{"name":"y","answers":[]}
2021-05-24T09:55:11.298Z [C:\Users\Asus\Desktop\testengine_project\testengine_api\controllers\questionController.js] [31merror[39m::: Error during addition of question{"errors":{"type":{"name":"ValidatorError","message":"Path `type` is required.","properties":{"message":"Path `type` is required.","type":"required","path":"type"},"kind":"required","path":"type"}},"_message":"questions validation failed","name":"ValidationError","message":"questions validation failed: type: Path `type` is required."}
2021-05-24T09:58:23.607Z [C:\Users\Asus\Desktop\testengine_project\testengine_api\app.js] [34mdebug[39m::: Server started at1234
2021-05-24T09:58:34.063Z [C:\Users\Asus\Desktop\testengine_project\testengine_api\controllers\questionController.js] [34mdebug[39m::: Question added{"name":"y","answers":[]}
2021-05-24T10:24:44.752Z [C:\Users\Asus\Desktop\testengine_project\testengine_api\app.js] [34mdebug[39m::: Server started at1234
2021-05-24T11:04:17.424Z [C:\Users\Asus\Desktop\testengine_project\testengine_api\app.js] [34mdebug[39m::: Server started at1234
2021-05-24T11:14:26.453Z [C:\Users\Asus\Desktop\testengine_project\testengine_api\app.js] [34mdebug[39m::: Server started at1234
2021-05-24T11:35:07.791Z [C:\Users\Asus\Desktop\testengine_project\testengine_api\app.js] [34mdebug[39m::: Server started at1234
2021-05-24T11:35:16.795Z [C:\Users\Asus\Desktop\testengine_project\testengine_api\app.js] [34mdebug[39m::: Server started at1234
2021-05-24T11:37:59.750Z [C:\Users\Asus\Desktop\testengine_project\testengine_api\app.js] [34mdebug[39m::: Server started at1234
2021-05-24T11:38:03.716Z [C:\Users\Asus\Desktop\testengine_project\testengine_api\app.js] [34mdebug[39m::: Server started at1234
2021-05-24T11:38:27.983Z [C:\Users\Asus\Desktop\testengine_project\testengine_api\app.js] [34mdebug[39m::: Server started at1234
2021-05-24T12:49:45.968Z [C:\Users\Asus\Desktop\testengine_project\testengine_api\app.js] [34mdebug[39m::: Server started at1234
2021-05-24T12:50:15.248Z [C:\Users\Asus\Desktop\testengine_project\testengine_api\app.js] [34mdebug[39m::: Server started at1234
2021-05-24T12:51:06.695Z [C:\Users\Asus\Desktop\testengine_project\testengine_api\app.js] [34mdebug[39m::: Server started at1234
2021-05-24T12:55:22.957Z [C:\Users\Asus\Desktop\testengine_project\testengine_api\app.js] [34mdebug[39m::: Server started at1234
2021-05-24T12:57:06.280Z [C:\Users\Asus\Desktop\testengine_project\testengine_api\app.js] [34mdebug[39m::: Server started at1234
2021-05-24T13:00:12.736Z [C:\Users\Asus\Desktop\testengine_project\testengine_api\app.js] [34mdebug[39m::: Server started at1234
2021-05-24T13:00:31.484Z [C:\Users\Asus\Desktop\testengine_project\testengine_api\app.js] [34mdebug[39m::: Server started at1234
2021-05-24T13:01:39.720Z [C:\Users\Asus\Desktop\testengine_project\testengine_api\app.js] [34mdebug[39m::: Server started at1234
2021-05-24T14:51:53.238Z [C:\Users\Asus\Desktop\testengine_project\testengine_api\app.js] [34mdebug[39m::: Server started at1234
2021-05-24T15:07:35.165Z [C:\Users\Asus\Desktop\testengine_project\testengine_api\app.js] [34mdebug[39m::: Server started at1234
2021-05-24T15:10:01.460Z [C:\Users\Asus\Desktop\testengine_project\testengine_api\app.js] [34mdebug[39m::: Server started at1234
2021-05-24T18:31:25.661Z [C:\Users\Asus\Desktop\testengine_project\testengine_api\app.js] [34mdebug[39m::: Server started at1234
2021-05-26T14:59:09.596Z [C:\Users\Asus\Desktop\testengine_project\testengine_api\app.js] [34mdebug[39m::: Server started at1234
2021-05-26T15:13:41.430Z [C:\Users\Asus\Desktop\testengine_project\testengine_api\app.js] [34mdebug[39m::: Server started at1234
2021-05-26T15:28:42.276Z [C:\Users\Asus\Desktop\testengine_project\testengine_api\app.js] [34mdebug[39m::: Server started at1234
2021-05-26T15:34:23.675Z [C:\Users\Asus\Desktop\testengine_project\testengine_api\app.js] [34mdebug[39m::: Server started at1234
2021-05-26T15:35:25.330Z [C:\Users\Asus\Desktop\testengine_project\testengine_api\app.js] [34mdebug[39m::: Server started at1234
2021-05-27T08:34:27.157Z [C:\Users\Asus\Desktop\testengine_project\testengine_api\app.js] [34mdebug[39m::: Server started at1234
2021-05-27T08:35:52.946Z [C:\Users\Asus\Desktop\testengine_project\testengine_api\app.js] [34mdebug[39m::: Server started at1234
2021-05-27T08:36:56.265Z [C:\Users\Asus\Desktop\testengine_project\testengine_api\app.js] [34mdebug[39m::: Server started at1234
2021-05-27T08:38:02.590Z [C:\Users\Asus\Desktop\testengine_project\testengine_api\app.js] [34mdebug[39m::: Server started at1234
2021-05-27T09:32:13.118Z [C:\Users\Asus\Desktop\testengine_project\testengine_api\app.js] [34mdebug[39m::: Server started at1234
2021-05-27T09:34:49.119Z [C:\Users\Asus\Desktop\testengine_project\testengine_api\app.js] [34mdebug[39m::: Server started at1234
2021-05-27T09:38:07.367Z [C:\Users\Asus\Desktop\testengine_project\testengine_api\app.js] [34mdebug[39m::: Server started at1234
2021-05-27T09:48:30.520Z [C:\Users\Asus\Desktop\testengine_project\testengine_api\app.js] [34mdebug[39m::: Server started at1234
2021-05-27T10:17:04.860Z [C:\Users\Asus\Desktop\testengine_project\testengine_api\app.js] [34mdebug[39m::: Server started at1234
2021-05-27T10:19:14.398Z [C:\Users\Asus\Desktop\testengine_project\testengine_api\app.js] [34mdebug[39m::: Server started at1234
2021-05-27T10:28:00.715Z [C:\Users\Asus\Desktop\testengine_project\testengine_api\app.js] [34mdebug[39m::: Server started at1234
2021-05-27T10:33:48.406Z [C:\Users\Asus\Desktop\testengine_project\testengine_api\app.js] [34mdebug[39m::: Server started at1234
2021-05-27T12:54:43.782Z [C:\Users\Asus\Desktop\testengine_project\testengine_api\app.js] [34mdebug[39m::: Server started at1234
2021-05-27T13:11:46.875Z [C:\Users\Asus\Desktop\testengine_project\testengine_api\app.js] [34mdebug[39m::: Server started at1234
2021-05-27T16:31:14.487Z [C:\Users\Asus\Desktop\testengine_project\testengine_api\app.js] [34mdebug[39m::: Server started at1234
2021-05-27T16:41:00.907Z [C:\Users\Asus\Desktop\testengine_project\testengine_api\app.js] [34mdebug[39m::: Server started at1234
2021-05-27T16:46:36.210Z [C:\Users\Asus\Desktop\testengine_project\testengine_api\app.js] [34mdebug[39m::: Server started at1234
2021-05-27T16:46:53.610Z [C:\Users\Asus\Desktop\testengine_project\testengine_api\app.js] [34mdebug[39m::: Server started at1234
2021-05-27T17:02:41.592Z [C:\Users\Asus\Desktop\testengine_project\testengine_api\app.js] [34mdebug[39m::: Server started at1234
2021-05-27T17:20:28.027Z [C:\Users\Asus\Desktop\testengine_project\testengine_api\app.js] [34mdebug[39m::: Server started at1234
2021-05-27T17:31:51.461Z [C:\Users\Asus\Desktop\testengine_project\testengine_api\app.js] [34mdebug[39m::: Server started at1234
2021-05-27T17:38:04.234Z [C:\Users\Asus\Desktop\testengine_project\testengine_api\app.js] [34mdebug[39m::: Server started at1234
2021-05-27T17:41:12.581Z [C:\Users\Asus\Desktop\testengine_project\testengine_api\app.js] [34mdebug[39m::: Server started at1234
2021-05-27T18:07:07.229Z [C:\Users\Asus\Desktop\testengine_project\testengine_api\app.js] [34mdebug[39m::: Server started at1234
2021-05-27T18:09:08.017Z [C:\Users\Asus\Desktop\testengine_project\testengine_api\app.js] [34mdebug[39m::: Server started at1234
2021-05-27T18:12:25.140Z [C:\Users\Asus\Desktop\testengine_project\testengine_api\app.js] [34mdebug[39m::: Server started at1234
2021-05-27T18:25:43.902Z [C:\Users\Asus\Desktop\testengine_project\testengine_api\app.js] [34mdebug[39m::: Server started at1234
2021-05-27T22:38:45.110Z [C:\Users\Asus\Desktop\testengine_project\testengine_api\app.js] [34mdebug[39m::: Server started at1234
2021-05-27T22:41:27.175Z [C:\Users\Asus\Desktop\testengine_project\testengine_api\app.js] [34mdebug[39m::: Server started at1234
2021-05-27T22:43:51.354Z [C:\Users\Asus\Desktop\testengine_project\testengine_api\app.js] [34mdebug[39m::: Server started at1234
2021-05-27T22:58:25.752Z [C:\Users\Asus\Desktop\testengine_project\testengine_api\app.js] [34mdebug[39m::: Server started at1234
2021-05-27T22:59:55.376Z [C:\Users\Asus\Desktop\testengine_project\testengine_api\app.js] [34mdebug[39m::: Server started at1234
2021-05-28T08:01:41.824Z [C:\Users\Asus\Desktop\testengine_project\testengine_api\app.js] [34mdebug[39m::: Server started at1234
2021-05-28T08:01:52.139Z [C:\Users\Asus\Desktop\testengine_project\testengine_api\app.js] [34mdebug[39m::: Server started at1234
2021-05-28T08:06:26.155Z [C:\Users\Asus\Desktop\testengine_project\testengine_api\app.js] [34mdebug[39m::: Server started at1234
2021-05-28T08:11:54.605Z [C:\Users\Asus\Desktop\testengine_project\testengine_api\app.js] [34mdebug[39m::: Server started at1234
2021-05-28T08:12:42.816Z [C:\Users\Asus\Desktop\testengine_project\testengine_api\app.js] [34mdebug[39m::: Server started at1234
2021-05-28T08:14:41.215Z [C:\Users\Asus\Desktop\testengine_project\testengine_api\app.js] [34mdebug[39m::: Server started at1234
2021-05-28T08:17:22.266Z [C:\Users\Asus\Desktop\testengine_project\testengine_api\app.js] [34mdebug[39m::: Server started at1234
2021-05-29T21:48:39.909Z [C:\Users\Asus\Desktop\testengine_project\testengine_api\app.js] [34mdebug[39m::: Server started at1234
2021-05-29T21:51:21.951Z [C:\Users\Asus\Desktop\testengine_project\testengine_api\app.js] [34mdebug[39m::: Server started at1234
2021-05-29T21:55:17.404Z [C:\Users\Asus\Desktop\testengine_project\testengine_api\app.js] [34mdebug[39m::: Server started at1234
2021-05-29T21:59:34.972Z [C:\Users\Asus\Desktop\testengine_project\testengine_api\app.js] [34mdebug[39m::: Server started at1234
2021-05-29T21:59:45.587Z [C:\Users\Asus\Desktop\testengine_project\testengine_api\app.js] [34mdebug[39m::: Server started at1234
2021-05-29T22:01:08.844Z [C:\Users\Asus\Desktop\testengine_project\testengine_api\app.js] [34mdebug[39m::: Server started at1234
2021-05-29T22:05:13.326Z [C:\Users\Asus\Desktop\testengine_project\testengine_api\app.js] [34mdebug[39m::: Server started at1234
2021-05-29T22:06:37.413Z [C:\Users\Asus\Desktop\testengine_project\testengine_api\app.js] [34mdebug[39m::: Server started at1234
2021-05-29T22:08:34.681Z [C:\Users\Asus\Desktop\testengine_project\testengine_api\app.js] [34mdebug[39m::: Server started at1234
2021-06-01T21:24:42.826Z [C:\Users\Asus\Desktop\testengine_project\testengine_api\app.js] [34mdebug[39m::: Server started at1234
2021-06-01T21:24:49.923Z [C:\Users\Asus\Desktop\testengine_project\testengine_api\app.js] [34mdebug[39m::: Server started at1234
2021-06-01T21:33:56.218Z [C:\Users\Asus\Desktop\testengine_project\testengine_api\app.js] [34mdebug[39m::: Server started at1234
2021-06-01T21:36:29.144Z [C:\Users\Asus\Desktop\testengine_project\testengine_api\app.js] [34mdebug[39m::: Server started at1234
2021-06-01T21:39:27.350Z [C:\Users\Asus\Desktop\testengine_project\testengine_api\app.js] [34mdebug[39m::: Server started at1234
2021-06-01T21:40:41.731Z [C:\Users\Asus\Desktop\testengine_project\testengine_api\app.js] [34mdebug[39m::: Server started at1234
2021-06-01T21:41:14.266Z [C:\Users\Asus\Desktop\testengine_project\testengine_api\app.js] [34mdebug[39m::: Server started at1234
2021-06-01T21:45:18.536Z [C:\Users\Asus\Desktop\testengine_project\testengine_api\app.js] [34mdebug[39m::: Server started at1234
2021-06-01T21:50:36.608Z [C:\Users\Asus\Desktop\testengine_project\testengine_api\app.js] [34mdebug[39m::: Server started at1234
2021-06-01T21:53:41.230Z [C:\Users\Asus\Desktop\testengine_project\testengine_api\app.js] [34mdebug[39m::: Server started at1234
2021-06-01T22:01:25.835Z [C:\Users\Asus\Desktop\testengine_project\testengine_api\app.js] [34mdebug[39m::: Server started at1234
2021-06-02T05:18:47.568Z [C:\Users\Asus\Desktop\testengine_project\testengine_api\app.js] [34mdebug[39m::: Server started at1234
2021-06-02T05:25:03.236Z [C:\Users\Asus\Desktop\testengine_project\testengine_api\app.js] [34mdebug[39m::: Server started at1234
2021-06-02T05:28:47.111Z [C:\Users\Asus\Desktop\testengine_project\testengine_api\app.js] [34mdebug[39m::: Server started at1234
2021-06-02T06:35:41.085Z [C:\Users\Asus\Desktop\testengine_project\testengine_api\app.js] [34mdebug[39m::: Server started at1234
2021-06-02T06:37:07.066Z [C:\Users\Asus\Desktop\testengine_project\testengine_api\app.js] [34mdebug[39m::: Server started at1234
2021-06-02T06:38:44.123Z [C:\Users\Asus\Desktop\testengine_project\testengine_api\app.js] [34mdebug[39m::: Server started at1234
2021-06-02T06:44:36.373Z [C:\Users\Asus\Desktop\testengine_project\testengine_api\app.js] [34mdebug[39m::: Server started at1234
2021-06-02T06:57:20.369Z [C:\Users\Asus\Desktop\testengine_project\testengine_api\app.js] [34mdebug[39m::: Server started at1234
2021-06-02T06:57:51.985Z [C:\Users\Asus\Desktop\testengine_project\testengine_api\app.js] [34mdebug[39m::: Server started at1234
2021-06-02T07:03:58.393Z [C:\Users\Asus\Desktop\testengine_project\testengine_api\app.js] [34mdebug[39m::: Server started at1234
2021-06-02T07:04:39.536Z [C:\Users\Asus\Desktop\testengine_project\testengine_api\app.js] [34mdebug[39m::: Server started at1234
2021-06-02T07:05:49.962Z [C:\Users\Asus\Desktop\testengine_project\testengine_api\app.js] [34mdebug[39m::: Server started at1234
2021-06-02T07:06:24.549Z [C:\Users\Asus\Desktop\testengine_project\testengine_api\app.js] [34mdebug[39m::: Server started at1234
2021-06-02T07:16:33.355Z [C:\Users\Asus\Desktop\testengine_project\testengine_api\app.js] [34mdebug[39m::: Server started at1234
2021-06-02T07:30:58.069Z [C:\Users\Asus\Desktop\testengine_project\testengine_api\app.js] [34mdebug[39m::: Server started at1234
2021-06-02T07:32:18.204Z [C:\Users\Asus\Desktop\testengine_project\testengine_api\app.js] [34mdebug[39m::: Server started at1234
2021-06-02T07:34:49.556Z [C:\Users\Asus\Desktop\testengine_project\testengine_api\app.js] [34mdebug[39m::: Server started at1234
2021-06-02T07:40:18.450Z [C:\Users\Asus\Desktop\testengine_project\testengine_api\app.js] [34mdebug[39m::: Server started at1234
2021-06-02T07:42:41.831Z [C:\Users\Asus\Desktop\testengine_project\testengine_api\app.js] [34mdebug[39m::: Server started at1234
2021-06-02T07:49:48.352Z [C:\Users\Asus\Desktop\testengine_project\testengine_api\app.js] [34mdebug[39m::: Server started at1234
2021-06-02T08:00:26.025Z [C:\Users\Asus\Desktop\testengine_project\testengine_api\app.js] [34mdebug[39m::: Server started at1234
2021-06-02T08:01:46.742Z [C:\Users\Asus\Desktop\testengine_project\testengine_api\app.js] [34mdebug[39m::: Server started at1234
2021-06-02T08:02:56.203Z [C:\Users\Asus\Desktop\testengine_project\testengine_api\app.js] [34mdebug[39m::: Server started at1234
2021-06-02T08:09:48.069Z [C:\Users\Asus\Desktop\testengine_project\testengine_api\app.js] [34mdebug[39m::: Server started at1234
2021-06-02T08:25:00.500Z [C:\Users\Asus\Desktop\testengine_project\testengine_api\app.js] [34mdebug[39m::: Server started at1234
2021-06-02T10:13:43.322Z [C:\Users\Asus\Desktop\testengine_project\testengine_api\app.js] [34mdebug[39m::: Server started at1234
2021-06-02T11:01:40.411Z [C:\Users\Asus\Desktop\testengine_project\testengine_api\app.js] [34mdebug[39m::: Server started at1234
2021-06-02T11:52:24.866Z [C:\Users\Asus\Desktop\testengine_project\testengine_api\app.js] [34mdebug[39m::: Server started at1234
2021-06-04T06:12:08.126Z [C:\Users\Asus\Desktop\testengine_project\testengine_api\app.js] [34mdebug[39m::: Server started at1234
2021-06-04T06:12:31.711Z [C:\Users\Asus\Desktop\testengine_project\testengine_api\app.js] [34mdebug[39m::: Server started at1234
2021-06-05T10:55:13.653Z [C:\Users\Asus\Desktop\testengine_project\testengine_api\app.js] [34mdebug[39m::: Server started at1234
2021-06-05T11:10:24.928Z [C:\Users\Asus\Desktop\testengine_project\testengine_api\app.js] [34mdebug[39m::: Server started at1234
2021-06-05T11:16:09.083Z [C:\Users\Asus\Desktop\testengine_project\testengine_api\app.js] [34mdebug[39m::: Server started at1234
2021-06-05T11:20:06.921Z [C:\Users\Asus\Desktop\testengine_project\testengine_api\app.js] [34mdebug[39m::: Server started at1234
2021-06-05T11:20:25.915Z [C:\Users\Asus\Desktop\testengine_project\testengine_api\app.js] [34mdebug[39m::: Server started at1234
2021-06-05T11:25:39.832Z [C:\Users\Asus\Desktop\testengine_project\testengine_api\app.js] [34mdebug[39m::: Server started at1234
2021-06-05T11:29:55.935Z [C:\Users\Asus\Desktop\testengine_project\testengine_api\app.js] [34mdebug[39m::: Server started at1234
2021-06-05T11:30:00.671Z [C:\Users\Asus\Desktop\testengine_project\testengine_api\app.js] [34mdebug[39m::: Server started at1234
2021-06-05T11:32:33.730Z [C:\Users\Asus\Desktop\testengine_project\testengine_api\app.js] [34mdebug[39m::: Server started at1234
2021-06-05T12:50:29.802Z [C:\Users\Asus\Desktop\testengine_project\testengine_api\app.js] [34mdebug[39m::: Server started at1234
2021-06-05T13:08:50.480Z [C:\Users\Asus\Desktop\testengine_project\testengine_api\app.js] [34mdebug[39m::: Server started at1234
2021-06-05T13:13:20.421Z [C:\Users\Asus\Desktop\testengine_project\testengine_api\app.js] [34mdebug[39m::: Server started at1234
2021-06-05T14:05:04.997Z [C:\Users\Asus\Desktop\testengine_project\testengine_api\app.js] [34mdebug[39m::: Server started at1234
2021-06-05T14:07:02.569Z [C:\Users\Asus\Desktop\testengine_project\testengine_api\app.js] [34mdebug[39m::: Server started at1234
2021-06-05T14:15:21.585Z [C:\Users\Asus\Desktop\testengine_project\testengine_api\app.js] [34mdebug[39m::: Server started at1234
2021-06-05T14:20:59.767Z [C:\Users\Asus\Desktop\testengine_project\testengine_api\app.js] [34mdebug[39m::: Server started at1234
2021-06-05T17:31:05.804Z [C:\Users\Asus\Desktop\testengine_project\testengine_api\app.js] [34mdebug[39m::: Server started at1234
2021-06-05T17:35:19.385Z [C:\Users\Asus\Desktop\testengine_project\testengine_api\app.js] [34mdebug[39m::: Server started at1234
2021-06-05T17:38:07.726Z [C:\Users\Asus\Desktop\testengine_project\testengine_api\app.js] [34mdebug[39m::: Server started at1234
2021-06-05T18:08:05.273Z [C:\Users\Asus\Desktop\testengine_project\testengine_api\app.js] [34mdebug[39m::: Server started at1234
2021-06-05T18:10:12.177Z [C:\Users\Asus\Desktop\testengine_project\testengine_api\app.js] [34mdebug[39m::: Server started at1234
2021-06-05T18:15:14.124Z [C:\Users\Asus\Desktop\testengine_project\testengine_api\app.js] [34mdebug[39m::: Server started at1234
2021-06-05T18:24:34.127Z [C:\Users\Asus\Desktop\testengine_project\testengine_api\app.js] [34mdebug[39m::: Server started at1234
2021-06-05T18:28:21.116Z [C:\Users\Asus\Desktop\testengine_project\testengine_api\app.js] [34mdebug[39m::: Server started at1234
2021-06-05T18:30:19.259Z [C:\Users\Asus\Desktop\testengine_project\testengine_api\app.js] [34mdebug[39m::: Server started at1234
2021-06-05T20:36:20.642Z [C:\Users\Asus\Desktop\testengine_project\testengine_api\app.js] [34mdebug[39m::: Server started at1234
2021-06-05T20:39:14.200Z [C:\Users\Asus\Desktop\testengine_project\testengine_api\app.js] [34mdebug[39m::: Server started at1234
2021-06-05T20:42:48.488Z [C:\Users\Asus\Desktop\testengine_project\testengine_api\app.js] [34mdebug[39m::: Server started at1234
2021-06-05T20:43:58.278Z [C:\Users\Asus\Desktop\testengine_project\testengine_api\app.js] [34mdebug[39m::: Server started at1234
2021-06-05T20:48:16.197Z [C:\Users\Asus\Desktop\testengine_project\testengine_api\app.js] [34mdebug[39m::: Server started at1234
2021-06-05T20:48:24.274Z [C:\Users\Asus\Desktop\testengine_project\testengine_api\app.js] [34mdebug[39m::: Server started at1234
2021-06-05T20:49:24.944Z [C:\Users\Asus\Desktop\testengine_project\testengine_api\app.js] [34mdebug[39m::: Server started at1234
2021-06-05T20:49:46.816Z [C:\Users\Asus\Desktop\testengine_project\testengine_api\app.js] [34mdebug[39m::: Server started at1234
2021-06-05T20:52:49.191Z [C:\Users\Asus\Desktop\testengine_project\testengine_api\app.js] [34mdebug[39m::: Server started at1234
2021-06-05T20:54:12.342Z [C:\Users\Asus\Desktop\testengine_project\testengine_api\app.js] [34mdebug[39m::: Server started at1234
2021-06-05T22:26:25.984Z [C:\Users\Asus\Desktop\testengine_project\testengine_api\app.js] [34mdebug[39m::: Server started at1234
2021-06-05T22:41:21.135Z [C:\Users\Asus\Desktop\testengine_project\testengine_api\app.js] [34mdebug[39m::: Server started at1234
2021-06-06T04:19:08.571Z [C:\Users\Asus\Desktop\testengine_project\testengine_api\app.js] [34mdebug[39m::: Server started at1234
2021-06-06T04:26:13.952Z [C:\Users\Asus\Desktop\testengine_project\testengine_api\app.js] [34mdebug[39m::: Server started at1234
2021-06-06T04:26:19.666Z [C:\Users\Asus\Desktop\testengine_project\testengine_api\app.js] [34mdebug[39m::: Server started at1234
2021-06-06T04:38:07.046Z [C:\Users\Asus\Desktop\testengine_project\testengine_api\app.js] [34mdebug[39m::: Server started at1234
2021-06-06T04:38:11.975Z [C:\Users\Asus\Desktop\testengine_project\testengine_api\app.js] [34mdebug[39m::: Server started at1234
2021-06-06T04:49:25.691Z [C:\Users\Asus\Desktop\testengine_project\testengine_api\app.js] [34mdebug[39m::: Server started at1234
2021-06-06T04:49:31.075Z [C:\Users\Asus\Desktop\testengine_project\testengine_api\app.js] [34mdebug[39m::: Server started at1234
2021-06-06T04:59:23.772Z [C:\Users\Asus\Desktop\testengine_project\testengine_api\app.js] [34mdebug[39m::: Server started at1234
2021-06-06T04:59:33.493Z [C:\Users\Asus\Desktop\testengine_project\testengine_api\app.js] [34mdebug[39m::: Server started at1234
2021-06-06T07:02:53.945Z [C:\Users\Asus\Desktop\testengine_project\testengine_api\app.js] [34mdebug[39m::: Server started at1234
2021-06-06T07:03:25.137Z [C:\Users\Asus\Desktop\testengine_project\testengine_api\app.js] [34mdebug[39m::: Server started at1234
2021-06-06T07:03:30.087Z [C:\Users\Asus\Desktop\testengine_project\testengine_api\app.js] [34mdebug[39m::: Server started at1234
2021-06-06T07:16:15.155Z [C:\Users\Asus\Desktop\testengine_project\testengine_api\app.js] [34mdebug[39m::: Server started at1234
2021-06-06T07:16:20.152Z [C:\Users\Asus\Desktop\testengine_project\testengine_api\app.js] [34mdebug[39m::: Server started at1234
2021-06-06T08:40:23.293Z [C:\Users\Asus\Desktop\testengine_project\testengine_api\app.js] [34mdebug[39m::: Server started at1234
2021-06-06T11:07:05.506Z [C:\Users\Asus\Desktop\testengine_project\testengine_api\controllers\questionController.js] [34mdebug[39m::: Question added{"testId":"60bca7fbbc72b76f04214b2f","name":"gravity was discovered by?","answers":[{"name":"newton","rans":"Y"},{"name":"einstien","rans":"N"},{"name":"thomas alva edison","rans":"N"},{"name":"louis vi","rans":"N"}],"type":"MCQ"}
2021-06-06T11:07:05.517Z [C:\Users\Asus\Desktop\testengine_project\testengine_api\controllers\questionController.js] [31merror[39m::: Error during addition of question{"errors":{"rans":{"name":"ValidatorError","message":"Path `rans` is required.","properties":{"message":"Path `rans` is required.","type":"required","path":"rans"},"kind":"required","path":"rans"}},"_message":"questions validation failed","name":"ValidationError","message":"questions validation failed: rans: Path `rans` is required."}
2021-06-06T16:15:49.310Z [C:\Users\Asus\Desktop\testengine_project\testengine_api\controllers\questionController.js] [34mdebug[39m::: Question added{"testId":"60bcf4a3bc72b76f04214b31","name":"a","answers":[{"name":"1","rans":"N"},{"name":"2","rans":"Y"},{"name":"3","rans":"N"},{"name":"4","rans":"N"}],"type":"MCQ","rans":"2"}
2021-06-06T16:15:49.315Z [C:\Users\Asus\Desktop\testengine_project\testengine_api\controllers\questionController.js] [31merror[39m::: Error during addition of question{"errors":{"rans":{"name":"ValidatorError","message":"Path `rans` is required.","properties":{"message":"Path `rans` is required.","type":"required","path":"rans"},"kind":"required","path":"rans"}},"_message":"questions validation failed","name":"ValidationError","message":"questions validation failed: rans: Path `rans` is required."}
2021-06-08T08:24:21.088Z [C:\Users\Asus\Desktop\testengine_project\testengine_api\app.js] [34mdebug[39m::: Server started at1234
2021-06-08T08:24:34.080Z [C:\Users\Asus\Desktop\testengine_project\testengine_api\app.js] [34mdebug[39m::: Server started at1234
2021-06-08T08:28:02.225Z [C:\Users\Asus\Desktop\testengine_project\testengine_api\app.js] [34mdebug[39m::: Server started at1234
2021-06-08T08:29:31.871Z [C:\Users\Asus\Desktop\testengine_project\testengine_api\app.js] [34mdebug[39m::: Server started at1234
2021-06-08T08:31:02.543Z [C:\Users\Asus\Desktop\testengine_project\testengine_api\app.js] [34mdebug[39m::: Server started at1234
2021-06-08T08:31:08.433Z [C:\Users\Asus\Desktop\testengine_project\testengine_api\app.js] [34mdebug[39m::: Server started at1234
2021-06-08T08:33:02.444Z [C:\Users\Asus\Desktop\testengine_project\testengine_api\app.js] [34mdebug[39m::: Server started at1234
2021-06-08T08:34:09.038Z [C:\Users\Asus\Desktop\testengine_project\testengine_api\app.js] [34mdebug[39m::: Server started at1234
2021-06-08T10:07:28.660Z [C:\Users\Asus\Desktop\testengine_project\testengine_api\app.js] [34mdebug[39m::: Server started at1234
2021-06-08T10:11:15.208Z [C:\Users\Asus\Desktop\testengine_project\testengine_api\app.js] [34mdebug[39m::: Server started at1234
2021-06-08T10:12:10.890Z [C:\Users\Asus\Desktop\testengine_project\testengine_api\app.js] [34mdebug[39m::: Server started at1234
2021-06-08T10:12:29.139Z [C:\Users\Asus\Desktop\testengine_project\testengine_api\app.js] [34mdebug[39m::: Server started at1234
2021-06-08T10:13:06.230Z [C:\Users\Asus\Desktop\testengine_project\testengine_api\app.js] [34mdebug[39m::: Server started at1234
2021-06-08T10:28:30.149Z [C:\Users\Asus\Desktop\testengine_project\testengine_api\app.js] [34mdebug[39m::: Server started at1234
2021-06-08T10:33:32.146Z [C:\Users\Asus\Desktop\testengine_project\testengine_api\app.js] [34mdebug[39m::: Server started at1234
2021-06-08T10:38:34.589Z [C:\Users\Asus\Desktop\testengine_project\testengine_api\app.js] [34mdebug[39m::: Server started at1234
2021-06-08T10:43:54.937Z [C:\Users\Asus\Desktop\testengine_project\testengine_api\app.js] [34mdebug[39m::: Server started at1234
2021-06-08T22:03:00.500Z [C:\Users\Asus\Desktop\testengine_project\testengine_api\app.js] [34mdebug[39m::: Server started at1234
2021-06-08T22:03:23.532Z [C:\Users\Asus\Desktop\testengine_project\testengine_api\app.js] [34mdebug[39m::: Server started at1234
2021-06-09T06:14:52.195Z [C:\Users\Asus\Desktop\testengine_project\testengine_api\app.js] [34mdebug[39m::: Server started at1234
2021-07-02T08:24:27.853Z [C:\Users\Asus\Desktop\testengine_project\testengine_api\app.js] [34mdebug[39m::: Server started at1234
2021-07-02T10:12:34.645Z [C:\Users\Asus\Desktop\testengine_project\testengine_api\app.js] [34mdebug[39m::: Server started at1234
2021-07-04T11:19:12.976Z [C:\Users\Asus\Desktop\testengine_project\testengine_api\app.js] [34mdebug[39m::: Server started at1234
2021-07-04T13:08:17.697Z [C:\Users\Asus\Desktop\testengine_project\testengine_api\app.js] [34mdebug[39m::: Server started at1234
2021-07-04T13:19:53.357Z [C:\Users\Asus\Desktop\testengine_project\testengine_api\app.js] [34mdebug[39m::: Server started at1234
2021-07-04T13:20:56.290Z [C:\Users\Asus\Desktop\testengine_project\testengine_api\app.js] [34mdebug[39m::: Server started at1234
2021-07-04T13:21:03.213Z [C:\Users\Asus\Desktop\testengine_project\testengine_api\app.js] [34mdebug[39m::: Server started at1234
2021-07-04T13:22:14.412Z [C:\Users\Asus\Desktop\testengine_project\testengine_api\app.js] [34mdebug[39m::: Server started at1234
2021-07-04T13:22:51.873Z [C:\Users\Asus\Desktop\testengine_project\testengine_api\app.js] [34mdebug[39m::: Server started at1234
2021-07-04T13:22:57.527Z [C:\Users\Asus\Desktop\testengine_project\testengine_api\app.js] [34mdebug[39m::: Server started at1234
2021-07-04T13:33:21.451Z [C:\Users\Asus\Desktop\testengine_project\testengine_api\app.js] [34mdebug[39m::: Server started at1234
2021-07-04T16:55:11.329Z [C:\Users\Asus\Desktop\testengine_project\testengine_api\app.js] [34mdebug[39m::: Server started at1234
2021-07-04T17:04:57.200Z [C:\Users\Asus\Desktop\testengine_project\testengine_api\app.js] [34mdebug[39m::: Server started at1234
2021-07-06T16:26:59.313Z [C:\Users\Asus\Desktop\testengine_project\testengine_api\app.js] [34mdebug[39m::: Server started at1234
2021-07-07T07:14:58.386Z [C:\Users\Asus\Desktop\testengine_project\testengine_api\app.js] [34mdebug[39m::: Server started at1234
2021-07-10T06:45:04.232Z [C:\Users\Asus\Desktop\testengine_project\testengine_api\app.js] [34mdebug[39m::: Server started at1234
